Build started 18/04/2016 00:00:03.
     1>Project "C:\Users\macab\Desktop\GraphicsTemplate\GraphicsTemplate.vcxproj" on node 2 (Build target(s)).
     1>ClCompile:
         C:\Development\Microsoft Visual Studio 12.0\VC\bin\CL.exe /c /ZI /nologo /W3 /WX- /Od /Oy- /D WIN32 /D _DEBUG /D _CONSOLE /D _MBCS /Gm /EHsc /RTC1 /MTd /GS /fp:precise /Zc:wchar_t /Zc:forScope /Yu"stdafx.h" /Fp"Debug\GraphicsTemplate.pch" /Fo"Debug\\" /Fd"Debug\vc120.pdb" /Gd /TP /analyze- /errorReport:prompt GraphicsTemplate.cpp
         GraphicsTemplate.cpp
     1>c:\users\macab\desktop\graphicstemplate\graphicstemplate.cpp(28): error C2065: 'numPoints' : undeclared identifier
     1>Done Building Project "C:\Users\macab\Desktop\GraphicsTemplate\GraphicsTemplate.vcxproj" (Build target(s)) -- FAILED.

Build FAILED.

Time Elapsed 00:00:00.11
